Fri Nov  8 09:45:48.121 [initandlisten] MongoDB starting : pid=213296 port=27017 dbpath=/var/lib/stickshift/527b87b9e0b8cd9c9d000021/app-root/data/672354/data 64-bit host=ex-c9-node11.prod.rhcloud.com
Fri Nov  8 09:45:48.123 [initandlisten] db version v2.4.6
Fri Nov  8 09:45:48.123 [initandlisten] git version: nogitversion
Fri Nov  8 09:45:48.123 [initandlisten] build info: Linux x86-023.build.eng.bos.redhat.com 2.6.18-348.12.1.el5 #1 SMP Mon Jul 1 17:54:12 EDT 2013 x86_64 BOOST_LIB_VERSION=1_41
Fri Nov  8 09:45:48.123 [initandlisten] allocator: tcmalloc
Fri Nov  8 09:45:48.127 [initandlisten] options: { bind_ip: "127.10.61.1", dbpath: "data", fork: true, logpath: "mongodb.log", nojournal: true, rest: true }
Fri Nov  8 09:45:48.430 [FileAllocator] allocating new datafile /var/lib/stickshift/527b87b9e0b8cd9c9d000021/app-root/data/672354/data/local.ns, filling with zeroes...
Fri Nov  8 09:45:48.431 [FileAllocator] creating directory /var/lib/stickshift/527b87b9e0b8cd9c9d000021/app-root/data/672354/data/_tmp
Fri Nov  8 09:45:48.824 [FileAllocator] done allocating datafile /var/lib/stickshift/527b87b9e0b8cd9c9d000021/app-root/data/672354/data/local.ns, size: 16MB,  took 0.157 secs
Fri Nov  8 09:45:48.830 [FileAllocator] allocating new datafile /var/lib/stickshift/527b87b9e0b8cd9c9d000021/app-root/data/672354/data/local.0, filling with zeroes...
Fri Nov  8 09:45:49.120 [FileAllocator] done allocating datafile /var/lib/stickshift/527b87b9e0b8cd9c9d000021/app-root/data/672354/data/local.0, size: 64MB,  took 0.265 secs
Fri Nov  8 09:45:49.128 [initandlisten] command local.$cmd command: { create: "startup_log", size: 10485760, capped: true } ntoreturn:1 keyUpdates:0  reslen:37 701ms
Fri Nov  8 09:45:49.130 [initandlisten] ERROR: listen(): bind() failed errno:98 Address already in use for socket: 127.10.61.1:27017
Fri Nov  8 09:45:49.130 [initandlisten] ERROR:   addr already in use
Fri Nov  8 09:45:49.136 [initandlisten] now exiting
Fri Nov  8 09:45:49.136 dbexit: 
Fri Nov  8 09:45:49.137 [initandlisten] shutdown: going to close listening sockets...
Fri Nov  8 09:45:49.137 [initandlisten] shutdown: going to flush diaglog...
Fri Nov  8 09:45:49.138 [initandlisten] shutdown: going to close sockets...
Fri Nov  8 09:45:49.138 [initandlisten] shutdown: waiting for fs preallocator...
Fri Nov  8 09:45:49.138 [initandlisten] shutdown: closing all files...
Fri Nov  8 09:45:49.140 [initandlisten] closeAllFiles() finished
Fri Nov  8 09:45:49.142 [initandlisten] shutdown: removing fs lock...
Fri Nov  8 09:45:49.143 dbexit: really exiting now
